# JRE version: OpenJDK Runtime Environment Corretto-11.0.23.9.1 (11.0.23+9) (build 11.0.23+9-LTS)
# Java VM: OpenJDK 64-Bit Server VM Corretto-11.0.23.9.1 (11.0.23+9-LTS, mixed mode, tiered, compressed oops, g1 gc, bsd-aarch64)
Heap:
 garbage-first heap   total 222208K, used 174322K [0x0000000780000000, 0x00000007c0000000)
  region size 1024K, 95 young (97280K), 1 survivors (1024K)
 Metaspace       used 17015K, capacity 17541K, committed 17664K, reserved 1064960K
  class space    used 2268K, capacity 2495K, committed 2560K, reserved 1048576K
GC Heap History (20 events):
Event: 620.913 GC heap before
{Heap before GC invocations=475 (full 7):
 garbage-first heap   total 222208K, used 194784K [0x0000000780000000, 0x00000007c0000000)
  region size 1024K, 114 young (116736K), 1 survivors (1024K)
 Metaspace       used 17013K, capacity 17541K, committed 17664K, reserved 1064960K
  class space    used 2268K, capacity 2495K, committed 2560K, reserved 1048576K
}
Event: 620.913 GC heap after
{Heap after GC invocations=476 (full 7):
 garbage-first heap   total 222208K, used 79086K [0x0000000780000000, 0x00000007c0000000)
  region size 1024K, 1 young (1024K), 1 survivors (1024K)
 Metaspace       used 17013K, capacity 17541K, committed 17664K, reserved 1064960K
  class space    used 2268K, capacity 2495K, committed 2560K, reserved 1048576K
}
Event: 621.051 GC heap before
{Heap before GC invocations=476 (full 7):
 garbage-first heap   total 222208K, used 194798K [0x0000000780000000, 0x00000007c0000000)
  region size 1024K, 114 young (116736K), 1 survivors (1024K)
 Metaspace       used 17013K, capacity 17541K, committed 17664K, reserved 1064960K
  class space    used 2268K, capacity 2495K, committed 2560K, reserved 1048576K
}
Event: 621.051 GC heap after
{Heap after GC invocations=477 (full 7):
 garbage-first heap   total 222208K, used 79082K [0x0000000780000000, 0x00000007c0000000)
  region size 1024K, 1 young (1024K), 1 survivors (1024K)
 Metaspace       used 17013K, capacity 17541K, committed 17664K, reserved 1064960K
  class space    used 2268K, capacity 2495K, committed 2560K, reserved 1048576K
}
Event: 621.190 GC heap before
{Heap before GC invocations=477 (full 7):
 garbage-first heap   total 222208K, used 194794K [0x0000000780000000, 0x00000007c0000000)
  region size 1024K, 114 young (116736K), 1 survivors (1024K)
 Metaspace       used 17013K, capacity 17541K, committed 17664K, reserved 1064960K
  class space    used 2268K, capacity 2495K, committed 2560K, reserved 1048576K
}
Event: 621.190 GC heap after
{Heap after GC invocations=478 (full 7):
 garbage-first heap   total 222208K, used 79090K [0x0000000780000000, 0x00000007c0000000)
  region size 1024K, 1 young (1024K), 1 survivors (1024K)
 Metaspace       used 17013K, capacity 17541K, committed 17664K, reserved 1064960K
  class space    used 2268K, capacity 2495K, committed 2560K, reserved 1048576K
}
Event: 621.332 GC heap before
{Heap before GC invocations=478 (full 7):
 garbage-first heap   total 222208K, used 194802K [0x0000000780000000, 0x00000007c0000000)
  region size 1024K, 114 young (116736K), 1 survivors (1024K)
 Metaspace       used 17013K, capacity 17541K, committed 17664K, reserved 1064960K
  class space    used 2268K, capacity 2495K, committed 2560K, reserved 1048576K
}
Event: 621.333 GC heap after
{Heap after GC invocations=479 (full 7):
 garbage-first heap   total 222208K, used 79090K [0x0000000780000000, 0x00000007c0000000)
  region size 1024K, 1 young (1024K), 1 survivors (1024K)
 Metaspace       used 17013K, capacity 17541K, committed 17664K, reserved 1064960K
  class space    used 2268K, capacity 2495K, committed 2560K, reserved 1048576K
}
Event: 621.470 GC heap before
{Heap before GC invocations=479 (full 7):
 garbage-first heap   total 222208K, used 194802K [0x0000000780000000, 0x00000007c0000000)
  region size 1024K, 114 young (116736K), 1 survivors (1024K)
 Metaspace       used 17013K, capacity 17541K, committed 17664K, reserved 1064960K
  class space    used 2268K, capacity 2495K, committed 2560K, reserved 1048576K
}
Event: 621.471 GC heap after
{Heap after GC invocations=480 (full 7):
 garbage-first heap   total 222208K, used 79094K [0x0000000780000000, 0x00000007c0000000)
  region size 1024K, 1 young (1024K), 1 survivors (1024K)
 Metaspace       used 17013K, capacity 17541K, committed 17664K, reserved 1064960K
  class space    used 2268K, capacity 2495K, committed 2560K, reserved 1048576K
}
Event: 621.612 GC heap before
{Heap before GC invocations=480 (full 7):
 garbage-first heap   total 222208K, used 194806K [0x0000000780000000, 0x00000007c0000000)
  region size 1024K, 114 young (116736K), 1 survivors (1024K)
 Metaspace       used 17013K, capacity 17541K, committed 17664K, reserved 1064960K
  class space    used 2268K, capacity 2495K, committed 2560K, reserved 1048576K
}
Event: 621.612 GC heap after
{Heap after GC invocations=481 (full 7):
 garbage-first heap   total 222208K, used 79076K [0x0000000780000000, 0x00000007c0000000)
  region size 1024K, 1 young (1024K), 1 survivors (1024K)
 Metaspace       used 17013K, capacity 17541K, committed 17664K, reserved 1064960K
  class space    used 2268K, capacity 2495K, committed 2560K, reserved 1048576K
}
Event: 621.750 GC heap before
{Heap before GC invocations=481 (full 7):
 garbage-first heap   total 222208K, used 194788K [0x0000000780000000, 0x00000007c0000000)
  region size 1024K, 114 young (116736K), 1 survivors (1024K)
 Metaspace       used 17013K, capacity 17541K, committed 17664K, reserved 1064960K
  class space    used 2268K, capacity 2495K, committed 2560K, reserved 1048576K
}
Event: 621.750 GC heap after
{Heap after GC invocations=482 (full 7):
 garbage-first heap   total 222208K, used 79082K [0x0000000780000000, 0x00000007c0000000)
  region size 1024K, 1 young (1024K), 1 survivors (1024K)
 Metaspace       used 17013K, capacity 17541K, committed 17664K, reserved 1064960K
  class space    used 2268K, capacity 2495K, committed 2560K, reserved 1048576K
}
Event: 621.891 GC heap before
{Heap before GC invocations=482 (full 7):
 garbage-first heap   total 222208K, used 194794K [0x0000000780000000, 0x00000007c0000000)
  region size 1024K, 114 young (116736K), 1 survivors (1024K)
 Metaspace       used 17013K, capacity 17541K, committed 17664K, reserved 1064960K
  class space    used 2268K, capacity 2495K, committed 2560K, reserved 1048576K
}
Event: 621.891 GC heap after
{Heap after GC invocations=483 (full 7):
 garbage-first heap   total 222208K, used 79098K [0x0000000780000000, 0x00000007c0000000)
  region size 1024K, 1 young (1024K), 1 survivors (1024K)
 Metaspace       used 17013K, capacity 17541K, committed 17664K, reserved 1064960K
  class space    used 2268K, capacity 2495K, committed 2560K, reserved 1048576K
}
Event: 622.032 GC heap before
{Heap before GC invocations=483 (full 7):
 garbage-first heap   total 222208K, used 194810K [0x0000000780000000, 0x00000007c0000000)
  region size 1024K, 114 young (116736K), 1 survivors (1024K)
 Metaspace       used 17013K, capacity 17541K, committed 17664K, reserved 1064960K
  class space    used 2268K, capacity 2495K, committed 2560K, reserved 1048576K
}
Event: 622.032 GC heap after
{Heap after GC invocations=484 (full 7):
 garbage-first heap   total 222208K, used 79090K [0x0000000780000000, 0x00000007c0000000)
  region size 1024K, 1 young (1024K), 1 survivors (1024K)
 Metaspace       used 17013K, capacity 17541K, committed 17664K, reserved 1064960K
  class space    used 2268K, capacity 2495K, committed 2560K, reserved 1048576K
}
Event: 622.174 GC heap before
{Heap before GC invocations=484 (full 7):
 garbage-first heap   total 222208K, used 194802K [0x0000000780000000, 0x00000007c0000000)
  region size 1024K, 114 young (116736K), 1 survivors (1024K)
 Metaspace       used 17013K, capacity 17541K, committed 17664K, reserved 1064960K
  class space    used 2268K, capacity 2495K, committed 2560K, reserved 1048576K
}
Event: 622.174 GC heap after
{Heap after GC invocations=485 (full 7):
 garbage-first heap   total 222208K, used 79090K [0x0000000780000000, 0x00000007c0000000)
  region size 1024K, 1 young (1024K), 1 survivors (1024K)
 Metaspace       used 17013K, capacity 17541K, committed 17664K, reserved 1064960K
  class space    used 2268K, capacity 2495K, committed 2560K, reserved 1048576K
}

